2021-01-27 01:53:36,055 INFO com.blog.application.service.impl.BlogService [main] blogId 1
2021-01-27 01:53:36,057 INFO com.blog.application.service.impl.BlogService [main] blog.getBlogTitle() blogTitle
2021-01-27 01:53:36,057 INFO com.blog.application.service.impl.BlogService [main] blog.getBlogDescription() blogDescription
2021-01-27 01:53:36,065 INFO com.blog.application.service.impl.BlogService [main] blogId 1
2021-01-27 01:53:36,065 INFO com.blog.application.service.impl.BlogService [main] No blog was found
2021-01-27 01:53:36,069 INFO com.blog.application.service.impl.BlogService [main] blogId 1
2021-01-27 01:53:36,070 INFO com.blog.application.service.impl.BlogService [main] No blog was found
2021-01-27 01:54:11,086 INFO com.blog.application.service.impl.BlogService [main] blogId 1
2021-01-27 01:54:11,091 INFO com.blog.application.service.impl.BlogService [main] blog.getBlogTitle() blogTitle
2021-01-27 01:54:11,091 INFO com.blog.application.service.impl.BlogService [main] blog.getBlogDescription() blogDescription
2021-01-27 01:54:11,101 INFO com.blog.application.service.impl.BlogService [main] blogId 1
2021-01-27 01:54:11,101 INFO com.blog.application.service.impl.BlogService [main] No blog was found
2021-01-27 01:54:11,105 INFO com.blog.application.service.impl.BlogService [main] blogId 1
2021-01-27 01:54:11,105 INFO com.blog.application.service.impl.BlogService [main] No blog was found
2021-01-27 01:54:30,455 INFO com.blog.application.service.impl.BlogService [main] blogId 1
2021-01-27 01:54:30,457 INFO com.blog.application.service.impl.BlogService [main] blog.getBlogTitle() blogTitle
2021-01-27 01:54:30,457 INFO com.blog.application.service.impl.BlogService [main] blog.getBlogDescription() blogDescription
2021-01-27 01:54:30,464 INFO com.blog.application.service.impl.BlogService [main] blogId 1
2021-01-27 01:54:30,464 INFO com.blog.application.service.impl.BlogService [main] No blog was found
2021-01-27 01:54:30,467 INFO com.blog.application.service.impl.BlogService [main] blogId 1
2021-01-27 01:54:30,467 INFO com.blog.application.service.impl.BlogService [main] No blog was found
2021-01-27 01:54:30,473 INFO com.blog.application.service.impl.BlogService [main] blogId 1
2021-01-27 01:55:30,146 INFO com.blog.application.service.impl.BlogService [main] blogId 1
2021-01-27 01:55:30,148 INFO com.blog.application.service.impl.BlogService [main] blog.getBlogTitle() blogTitle
2021-01-27 01:55:30,148 INFO com.blog.application.service.impl.BlogService [main] blog.getBlogDescription() blogDescription
2021-01-27 01:55:30,155 INFO com.blog.application.service.impl.BlogService [main] blogId 1
2021-01-27 01:55:30,155 INFO com.blog.application.service.impl.BlogService [main] No blog was found
2021-01-27 01:55:30,158 INFO com.blog.application.service.impl.BlogService [main] blogId 1
2021-01-27 01:55:30,159 INFO com.blog.application.service.impl.BlogService [main] No blog was found
2021-01-27 01:55:30,897 INFO com.blog.application.service.impl.BlogService [main] blogId 1
2021-01-27 01:55:30,899 INFO com.blog.application.service.impl.BlogService [main] blog.getBlogTitle() blogTitle
2021-01-27 01:55:30,899 INFO com.blog.application.service.impl.BlogService [main] blog.getBlogDescription() blogDescription
2021-01-27 01:55:30,908 INFO com.blog.application.service.impl.BlogService [main] blogId 1
2021-01-27 01:55:30,908 INFO com.blog.application.service.impl.BlogService [main] No blog was found
2021-01-27 01:55:30,912 INFO com.blog.application.service.impl.BlogService [main] blogId 1
2021-01-27 01:55:30,912 INFO com.blog.application.service.impl.BlogService [main] No blog was found
2021-01-27 01:58:04,570 INFO com.blog.application.service.impl.BlogPostService [main] editBlogPost()
2021-01-27 01:58:04,572 INFO com.blog.application.service.impl.BlogPostService [main] blogPostId 1
2021-01-27 01:58:04,575 INFO com.blog.application.service.impl.BlogPostService [main] addBlogPost()
2021-01-27 02:37:22,779 INFO com.blog.application.service.impl.BlogPostService [main] editBlogPost()
2021-01-27 02:37:22,781 INFO com.blog.application.service.impl.BlogPostService [main] blogPostId 1
2021-01-27 02:37:22,783 INFO com.blog.application.service.impl.BlogPostService [main] retrievedBlogPost com.blog.application.model.BlogPost@3234f74e
2021-01-27 02:37:22,783 INFO com.blog.application.service.impl.BlogPostService [main] blogpost.getVersion() 0
2021-01-27 02:37:22,783 INFO com.blog.application.service.impl.BlogPostService [main] retrievedBlogPost.getBlogPostTitle() BlogPostTitle
2021-01-27 02:37:22,783 INFO com.blog.application.service.impl.BlogPostService [main] retrievedBlogPost.getBlogPostBody() BlogPostBody
2021-01-27 02:37:22,783 INFO com.blog.application.service.impl.BlogPostService [main] retrievedBlogPost.getVersion() 0
2021-01-27 02:37:22,783 INFO com.blog.application.service.impl.BlogPostService [main] retrievedBlogPost.getBlogPostId() 1
2021-01-27 02:37:22,783 INFO com.blog.application.service.impl.BlogPostService [main] retrievedBlogPost.getLastUpdateDate() null
2021-01-27 02:37:22,783 INFO com.blog.application.service.impl.BlogPostService [main] retrievedBlogPost.getBlogId() 1
2021-01-27 02:37:22,794 INFO com.blog.application.service.impl.BlogPostService [main] editBlogPost()
2021-01-27 02:37:22,794 INFO com.blog.application.service.impl.BlogPostService [main] blogPostId 1
2021-01-27 02:37:22,796 INFO com.blog.application.service.impl.BlogPostService [main] addBlogPost()
2021-01-27 02:39:12,510 INFO com.blog.application.service.impl.BlogPostService [main] editBlogPost()
2021-01-27 02:39:12,511 INFO com.blog.application.service.impl.BlogPostService [main] blogPostId 1
2021-01-27 02:39:12,514 INFO com.blog.application.service.impl.BlogPostService [main] retrievedBlogPost com.blog.application.model.BlogPost@6cbcf243
2021-01-27 02:39:12,514 INFO com.blog.application.service.impl.BlogPostService [main] blogpost.getVersion() 0
2021-01-27 02:39:12,514 INFO com.blog.application.service.impl.BlogPostService [main] retrievedBlogPost.getBlogPostTitle() BlogPostTitle
2021-01-27 02:39:12,514 INFO com.blog.application.service.impl.BlogPostService [main] retrievedBlogPost.getBlogPostBody() BlogPostBody
2021-01-27 02:39:12,514 INFO com.blog.application.service.impl.BlogPostService [main] retrievedBlogPost.getVersion() 0
2021-01-27 02:39:12,514 INFO com.blog.application.service.impl.BlogPostService [main] retrievedBlogPost.getBlogPostId() 1
2021-01-27 02:39:12,514 INFO com.blog.application.service.impl.BlogPostService [main] retrievedBlogPost.getLastUpdateDate() null
2021-01-27 02:39:12,514 INFO com.blog.application.service.impl.BlogPostService [main] retrievedBlogPost.getBlogId() 1
2021-01-27 02:39:12,527 INFO com.blog.application.service.impl.BlogPostService [main] addBlogPost()
